<?xml version="1.0" encoding="UTF-8"?>
<testng-results skipped="0" failed="0" total="1" passed="1">
  <reporter-output>
  </reporter-output>
  <suite name="DequeueTest" duration-ms="27" started-at="2017-04-14T09:34:15Z" finished-at="2017-04-14T09:34:15Z">
    <groups>
    </groups>
    <test name="Command line test" duration-ms="27" started-at="2017-04-14T09:34:15Z" finished-at="2017-04-14T09:34:15Z">
      <class name="DequeueTest">
        <test-method status="PASS" signature="isEmptyEmptyTest()[pri:0, instance:DequeueTest@4cdbe50f]" name="isEmptyEmptyTest" duration-ms="12" started-at="2017-04-14T11:34:15Z" finished-at="2017-04-14T11:34:15Z">
          <reporter-output>
          </reporter-output>
        </test-method> <!-- isEmptyEmptyTest -->
      </class> <!-- DequeueTest -->
    </test> <!-- Command line test -->
  </suite> <!-- DequeueTest -->
</testng-results>
